<?xml version="1.0" encoding="UTF-8"?>
<testsuite xmlns:xsi="http://www.w3.org/2001/XMLSchema-instance" xsi:noNamespaceSchemaLocation="https://maven.apache.org/surefire/maven-surefire-plugin/xsd/surefire-test-report.xsd" version="3.0.2" name="com.at.applicationtracker.ApplicationtrackerApplicationTests" time="8.004" tests="1" errors="0" skipped="0" failures="0" flakes="0">
  <properties>
[...]
</properties>
  <testcase name="contextLoads" classname="com.at.applicationtracker.ApplicationtrackerApplicationTests" time="0.534">
    <system-out><![CDATA[11:48:08.278 [main] INFO org.springframework.test.context.support.AnnotationConfigContextLoaderUtils -- Could not detect default configuration classes for test class [com.at.applicationtracker.ApplicationtrackerApplicationTests]: ApplicationtrackerApplicationTests does not declare any static, non-private, non-final, nested classes annotated with @Configuration.
11:48:08.444 [main] INFO org.springframework.boot.test.context.SpringBootTestContextBootstrapper -- Found @SpringBootConfiguration com.at.applicationtracker.ApplicationtrackerApplication for test class com.at.applicationtracker.ApplicationtrackerApplicationTests
11:48:08.577 [main] INFO org.springframework.test.context.support.AnnotationConfigContextLoaderUtils -- Could not detect default configuration classes for test class [com.at.applicationtracker.ApplicationtrackerApplicationTests]: ApplicationtrackerApplicationTests does not declare any static, non-private, non-final, nested classes annotated with @Configuration.
11:48:08.581 [main] INFO org.springframework.boot.test.context.SpringBootTestContextBootstrapper -- Found @SpringBootConfiguration com.at.applicationtracker.ApplicationtrackerApplication for test class com.at.applicationtracker.ApplicationtrackerApplicationTests

  .   ____          _            __ _ _
 /\\ / ___'_ __ _ _(_)_ __  __ _ \ \ \ \
( ( )\___ | '_ | '_| | '_ \/ _` | \ \ \ \
 \\/  ___)| |_)| | | | | || (_| |  ) ) ) )
  '  |____| .__|_| |_|_| |_\__, | / / / /
 =========|_|==============|___/=/_/_/_/

 :: Spring Boot ::                (v4.1.1)

2026-08-27T11:48:09.120-06:00  INFO 35661 --- [applicationtracker] [           main] c.a.a.ApplicationtrackerApplicationTests : Starting ApplicationtrackerApplicationTests using Java 26 with PID 35661 (started by dell in /home/dell/Documents/Programming/springbootapps/applicationtracker/applicationtracker)
2026-08-27T11:48:09.123-06:00  INFO 35661 --- [applicationtracker] [           main] c.a.a.ApplicationtrackerApplicationTests : No active profile set, falling back to 1 default profile: "default"
2026-08-27T11:48:10.089-06:00  INFO 35661 --- [applicationtracker] [           main] .s.d.r.c.RepositoryConfigurationDelegate : Bootstrapping Spring Data JPA repositories in DEFAULT mode.
2026-08-27T11:48:10.168-06:00  INFO 35661 --- [applicationtracker] [           main] .s.d.r.c.RepositoryConfigurationDelegate : Finished Spring Data repository scanning in 65 ms. Found 1 JPA repository interface.
2026-08-27T11:48:10.804-06:00  INFO 35661 --- [applicationtracker] [           main] org.hibernate.orm.jpa                    : HHH008540: Processing PersistenceUnitInfo [name: default]
2026-08-27T11:48:10.912-06:00  INFO 35661 --- [applicationtracker] [           main] org.hibernate.orm.core                   : HHH000001: Hibernate ORM core version 7.4.5.Final
2026-08-27T11:48:11.674-06:00  INFO 35661 --- [applicationtracker] [           main] o.s.o.j.p.SpringPersistenceUnitInfo      : No LoadTimeWeaver setup: ignoring JPA class transformer
2026-08-27T11:48:11.731-06:00  INFO 35661 --- [applicationtracker] [           main] com.zaxxer.hikari.HikariDataSource       : HikariPool-1 - Starting...
2026-08-27T11:48:12.043-06:00  INFO 35661 --- [applicationtracker] [           main] com.zaxxer.hikari.pool.HikariPool        : HikariPool-1 - Added connection conn0: url=jdbc:h2:mem:jobtrackerdb user=SA
2026-08-27T11:48:12.046-06:00  INFO 35661 --- [applicationtracker] [           main] com.zaxxer.hikari.HikariDataSource       : HikariPool-1 - Start completed.
2026-08-27T11:48:12.090-06:00  WARN 35661 --- [applicationtracker] [           main] org.hibernate.orm.deprecation            : HHH90000025: H2Dialect does not need to be specified explicitly using 'hibernate.dialect' (remove the property setting and it will be selected by default)
2026-08-27T11:48:12.129-06:00  INFO 35661 --- [applicationtracker] [           main] org.hibernate.orm.connections.pooling    : HHH10001005: Database info:
	Database JDBC URL [jdbc:h2:mem:jobtrackerdb]
	Database driver: H2 JDBC Driver
	Database dialect: H2Dialect
	Database version: 2.4.240
	Default catalog/schema: JOBTRACKERDB/PUBLIC
	Autocommit mode: undefined/unknown
	Isolation level: READ_COMMITTED [default READ_COMMITTED]
	JDBC fetch size: 100
	Pool: DataSourceConnectionProvider
	Minimum pool size: undefined/unknown
	Maximum pool size: undefined/unknown
2026-08-27T11:48:13.457-06:00  INFO 35661 --- [applicationtracker] [           main] org.hibernate.orm.core                   : HHH000489: No JTA platform available (set 'hibernate.transaction.jta.platform' to enable JTA platform integration)
Hibernate: create table jobs (id bigint generated by default as identity, applied_date date, company varchar(255) not null, description TEXT, role varchar(255) not null, status enum ('APPLIED','INTERVIEWING','OFFER','REJECTED'), primary key (id))
2026-08-27T11:48:13.574-06:00  INFO 35661 --- [applicationtracker] [           main] j.LocalContainerEntityManagerFactoryBean : Initialized JPA EntityManagerFactory for persistence unit 'default'
2026-08-27T11:48:13.724-06:00  INFO 35661 --- [applicationtracker] [           main] o.s.d.j.r.query.QueryEnhancerFactories   : Hibernate is in classpath; If applicable, HQL parser will be used.
2026-08-27T11:48:14.116-06:00  WARN 35661 --- [applicationtracker] [           main] JpaBaseConfiguration$JpaWebConfiguration : spring.jpa.open-in-view is enabled by default. Therefore, database queries may be performed during view rendering. Explicitly configure spring.jpa.open-in-view to disable this warning
2026-08-27T11:48:14.837-06:00  INFO 35661 --- [applicationtracker] [           main] c.a.a.ApplicationtrackerApplicationTests : Started ApplicationtrackerApplicationTests in 6.143 seconds (process running for 7.944)
Hibernate: select count(*) from jobs j1_0
Hibernate: insert into jobs (applied_date,company,description,role,status,id) values (?,?,?,?,?,default)
Hibernate: insert into jobs (applied_date,company,description,role,status,id) values (?,?,?,?,?,default)
Hibernate: insert into jobs (applied_date,company,description,role,status,id) values (?,?,?,?,?,default)
Hibernate: insert into jobs (applied_date,company,description,role,status,id) values (?,?,?,?,?,default)
Hibernate: insert into jobs (applied_date,company,description,role,status,id) values (?,?,?,?,?,default)
🌱 Successfully seeded H2 database with initial mock job tracking data!
]]></system-out>
    <system-err><![CDATA[Mockito is currently self-attaching to enable the inline-mock-maker. This will no longer work in future releases of the JDK. Please add Mockito as an agent to your build as described in Mockito's documentation: https://javadoc.io/doc/org.mockito/mockito-core/latest/org.mockito/org/mockito/Mockito.html#0.3
WARNING: A Java agent has been loaded dynamically (/home/dell/.m2/repository/net/bytebuddy/byte-buddy-agent/1.18.11/byte-buddy-agent-1.18.11.jar)
WARNING: If a serviceability tool is in use, please run with -XX:+EnableDynamicAgentLoading to hide this warning
WARNING: If a serviceability tool is not in use, please run with -Djdk.instrument.traceUsage for more information
WARNING: Dynamic loading of agents will be disallowed by default in a future release
]]></system-err>
  </testcase>
</testsuite>